<?xml version="1.0" encoding="UTF-8"?>
<testng-results ignored="0" total="1" passed="1" failed="0" skipped="0">
  <reporter-output>
  </reporter-output>
  <suite started-at="2021-08-31T18:48:12 IST" name="Default suite" finished-at="2021-08-31T18:48:12 IST" duration-ms="119">
    <groups>
    </groups>
    <test started-at="2021-08-31T18:48:12 IST" name="Default test" finished-at="2021-08-31T18:48:12 IST" duration-ms="119">
      <class name="testngpackage.TestNGweek7">
        <test-method is-config="true" signature="test2()[pri:0, instance:testngpackage.TestNGweek7@6e0f5f7f]" started-at="2021-08-31T18:48:12 IST" name="test2" finished-at="2021-08-31T18:48:12 IST" duration-ms="15" status="PASS">
          <reporter-output>
          </reporter-output>
        </test-method> <!-- test2 -->
        <test-method signature="test()[pri:0, instance:testngpackage.TestNGweek7@6e0f5f7f]" started-at="2021-08-31T18:48:12 IST" name="test" finished-at="2021-08-31T18:48:12 IST" duration-ms="13" status="PASS">
          <reporter-output>
          </reporter-output>
        </test-method> <!-- test -->
        <test-method is-config="true" signature="test1()[pri:0, instance:testngpackage.TestNGweek7@6e0f5f7f]" started-at="2021-08-31T18:48:12 IST" name="test1" finished-at="2021-08-31T18:48:12 IST" duration-ms="1" status="PASS">
          <reporter-output>
          </reporter-output>
        </test-method> <!-- test1 -->
      </class> <!-- testngpackage.TestNGweek7 -->
    </test> <!-- Default test -->
  </suite> <!-- Default suite -->
</testng-results>
